<?xml version="1.0" encoding="UTF-8"?>
<testng-results ignored="0" total="1" passed="1" failed="0" skipped="0">
  <reporter-output>
  </reporter-output>
  <suite started-at="2024-08-01T17:05:51 CEST" name="Command line suite" finished-at="2024-08-01T17:05:51 CEST" duration-ms="26">
    <groups>
    </groups>
    <test started-at="2024-08-01T17:05:51 CEST" name="Command line test" finished-at="2024-08-01T17:05:51 CEST" duration-ms="26">
      <class name="com.example.BookTest">
        <test-method signature="testGetAge()[pri:0, instance:com.example.BookTest@5bfbf16f]" started-at="2024-08-01T17:05:51 CEST" name="testGetAge" finished-at="2024-08-01T17:05:51 CEST" duration-ms="11" status="PASS">
          <reporter-output>
          </reporter-output>
        </test-method> <!-- testGetAge -->
      </class> <!-- com.example.BookTest -->
    </test> <!-- Command line test -->
  </suite> <!-- Command line suite -->
</testng-results>
